<?xml version="1.0" encoding="UTF-8" ?>
<testsuite tests="7" failures="0" name="com.earthchen.web.controller.UserControllerTest" time="0.404" errors="0" skipped="0">
  <properties>
[...]
</properties>
  <testcase classname="com.earthchen.web.controller.UserControllerTest" name="whenUploadSuccess" time="0.143"/>
  <testcase classname="com.earthchen.web.controller.UserControllerTest" name="WhenCreateSuccess" time="0.158"/>
  <testcase classname="com.earthchen.web.controller.UserControllerTest" name="whenQuerySuccess" time="0.024"/>
  <testcase classname="com.earthchen.web.controller.UserControllerTest" name="whenUpdateSuccess" time="0.025"/>
  <testcase classname="com.earthchen.web.controller.UserControllerTest" name="whenGenInfoSuccess" time="0.02"/>
  <testcase classname="com.earthchen.web.controller.UserControllerTest" name="whenDeleteSuccess" time="0.016"/>
  <testcase classname="com.earthchen.web.controller.UserControllerTest" name="whenGenInfoFail" time="0.018"/>
</testsuite>